<?xml version="1.0" encoding="UTF-8"?>
<!-- Generated by org.testng.reporters.JUnitXMLReporter -->
<testsuite hostname="DESKTOP-BEBO489" name="Zoopla Test" tests="13" failures="0" timestamp="9 Sep 2020 22:22:33 GMT" time="60.675" errors="0">
  <testcase name="HomePageTitleTest" time="0.043" classname="seleniumTest.HomePageTest"/>
  <testcase name="SearchListPageTitleTest" time="0.175" classname="seleniumTest.SearchListPageTest"/>
  <testcase name="TitleOfListTest" time="0.108" classname="seleniumTest.DesiredListPageTest"/>
  <testcase name="agentPageTest" time="0.007" classname="seleniumTest.ListAgentPageTest"/>
  <testcase name="ZooplaLogoTest" time="0.089" classname="seleniumTest.HomePageTest"/>
  <testcase name="FifthListTest" time="2.7" classname="seleniumTest.SearchListPageTest"/>
  <testcase name="getAgentPageTest" time="6.909" classname="seleniumTest.DesiredListPageTest"/>
  <testcase name="AgentListedPropertiesTest" time="0.206" classname="seleniumTest.ListAgentPageTest"/>
  <testcase name="SearchLocationInputTest" time="2.263" classname="seleniumTest.HomePageTest"/>
  <testcase name="ListDescOrderTest" time="0.002" classname="seleniumTest.SearchListPageTest"/>
  <testcase name="fifthPropInAgentsListTest" time="0.0" classname="seleniumTest.ListAgentPageTest"/>
  <testcase name="ClickFifthProperty" time="1.541" classname="seleniumTest.SearchListPageTest"/>
  <testcase name="fifthListNegativeTest" time="0.019" classname="seleniumTest.SearchListPageTest"/>
</testsuite> <!-- Zoopla Test -->
