<?xml version="1.0" encoding="UTF-8"?>
<!-- Generated by org.testng.reporters.JUnitXMLReporter -->
<testsuite hostname="DESKTOP-BEBO489" name="Default test" tests="3" failures="0" timestamp="9 Sep 2020 14:29:49 GMT" time="8.867" errors="0">
  <testcase name="HomePageTitleTest" time="0.032" classname="seleniumTest.HomePageTest"/>
  <testcase name="ZooplaLogoTest" time="0.115" classname="seleniumTest.HomePageTest"/>
  <testcase name="SearchLocationInputTest" time="2.873" classname="seleniumTest.HomePageTest"/>
</testsuite> <!-- Default test -->
