<?xml version="1.0" encoding="UTF-8"?>
<!-- Generated by org.testng.reporters.JUnitXMLReporter -->
<testsuite hostname="DESKTOP-BEBO489" name="Zoopla Test" tests="13" failures="0" timestamp="9 Sep 2020 21:17:06 GMT" time="57.476" errors="0">
  <testcase name="HomePageTitleTest" time="0.023" classname="seleniumTest.HomePageTest"/>
  <testcase name="SearchListPageTitleTest" time="0.468" classname="seleniumTest.SearchListPageTest"/>
  <testcase name="TitleOfListTest" time="0.065" classname="seleniumTest.DesiredListPageTest"/>
  <testcase name="agentPageTest" time="0.021" classname="seleniumTest.ListAgentPageTest"/>
  <testcase name="ZooplaLogoTest" time="0.077" classname="seleniumTest.HomePageTest"/>
  <testcase name="FifthListTest" time="2.485" classname="seleniumTest.SearchListPageTest"/>
  <testcase name="getAgentPageTest" time="6.187" classname="seleniumTest.DesiredListPageTest"/>
  <testcase name="AgentListedPropertiesTest" time="0.218" classname="seleniumTest.ListAgentPageTest"/>
  <testcase name="SearchLocationInputTest" time="1.928" classname="seleniumTest.HomePageTest"/>
  <testcase name="ListDescOrderTest" time="0.002" classname="seleniumTest.SearchListPageTest"/>
  <testcase name="fifthPropInAgentsListTest" time="0.0" classname="seleniumTest.ListAgentPageTest"/>
  <testcase name="ClickFifthProperty" time="1.909" classname="seleniumTest.SearchListPageTest"/>
  <testcase name="fifthListNegativeTest" time="0.022" classname="seleniumTest.SearchListPageTest"/>
</testsuite> <!-- Zoopla Test -->
